client id: C1
topic a_non_negative_int

Subscribed to topic a_non_negative_int

topic +/ec/100/pressure

Subscribed to topic +/ec/100/pressure

topic upb/+/100/pressure

Subscribed to topic upb/+/100/pressure

topic upb/ec/100/+

Subscribed to topic upb/ec/100/+

topic */pressure

Subscribed to topic */pressure

topic upb/precis/elevator/*/floor

Subscribed to topic upb/precis/elevator/*/floor

topic upb/precis/*

Subscribed to topic upb/precis/*

topic *

Subscribed to topic *

topic upb/+/100/+

Subscribed to topic upb/+/100/+

topic upb/+/100/*

Subscribed to topic upb/+/100/*

topic */100/+

Subscribed to topic */100/+

topic */100/*

Subscribed to topic */100/*

topic upb/precis/100/+

Subscribed to topic upb/precis/100/+

topic upb/precis/100/*

Subscribed to topic upb/precis/100/*

